0 info it worked if it ends with ok
1 verbose cli [ 'C:\\Program Files\\nodejs\\\\node.exe',
1 verbose cli   'C:\\Program Files\\nodejs\\node_modules\\npm\\bin\\npm-cli.js',
1 verbose cli   'update',
1 verbose cli   '-g',
1 verbose cli   'yo' ]
2 info using npm@1.4.28
3 info using node@v0.10.36
4 verbose node symlink C:\Program Files\nodejs\\node.exe
5 verbose request where is /yo
6 verbose request registry https://registry.npmjs.org/
7 verbose request id ac1c46cd31129387
8 verbose url raw /yo
9 verbose url resolving [ 'https://registry.npmjs.org/', './yo' ]
10 verbose url resolved https://registry.npmjs.org/yo
11 verbose request where is https://registry.npmjs.org/yo
12 info trying registry request attempt 1 at 11:12:23
13 verbose etag "5PLOWBG1J7H5JRE51BP7EMZHO"
14 http GET https://registry.npmjs.org/yo
15 http 304 https://registry.npmjs.org/yo
16 silly registry.get cb [ 304,
16 silly registry.get   { date: 'Sat, 31 Jan 2015 05:42:38 GMT',
16 silly registry.get     server: 'Apache',
16 silly registry.get     via: '1.1 varnish',
16 silly registry.get     'last-modified': 'Sat, 31 Jan 2015 05:42:38 GMT',
16 silly registry.get     'cache-control': 'max-age=60',
16 silly registry.get     etag: '"5PLOWBG1J7H5JRE51BP7EMZHO"',
16 silly registry.get     age: '0',
16 silly registry.get     'x-served-by': 'cache-lax1429-LAX',
16 silly registry.get     'x-cache': 'HIT',
16 silly registry.get     'x-cache-hits': '1',
16 silly registry.get     'x-timer': 'S1422682958.769447,VS0,VE39',
16 silly registry.get     vary: 'Accept',
16 silly registry.get     'content-length': '0',
16 silly registry.get     'keep-alive': 'timeout=10, max=50',
16 silly registry.get     connection: 'Keep-Alive' } ]
17 verbose etag https://registry.npmjs.org/yo from cache
18 info outdated updating [ [ 'C:\\Users\\Magesh\\AppData\\Roaming\\npm',
18 info outdated     'yo',
18 info outdated     '1.3.3',
18 info outdated     '1.4.5',
18 info outdated     '1.4.5',
18 info outdated     'latest' ] ]
19 verbose install where,what [ 'C:\\Users\\Magesh\\AppData\\Roaming\\npm', [ 'yo@1.4.5' ] ]
20 verbose cache add [ 'yo@1.4.5', null ]
21 verbose cache add name=undefined spec="yo@1.4.5" args=["yo@1.4.5",null]
22 verbose parsed url { protocol: null,
22 verbose parsed url   slashes: null,
22 verbose parsed url   auth: null,
22 verbose parsed url   host: null,
22 verbose parsed url   port: null,
22 verbose parsed url   hostname: null,
22 verbose parsed url   hash: null,
22 verbose parsed url   search: null,
22 verbose parsed url   query: null,
22 verbose parsed url   pathname: 'yo@1.4.5',
22 verbose parsed url   path: 'yo@1.4.5',
22 verbose parsed url   href: 'yo@1.4.5' }
23 verbose cache add name="yo" spec="1.4.5" args=["yo","1.4.5"]
24 verbose parsed url { protocol: null,
24 verbose parsed url   slashes: null,
24 verbose parsed url   auth: null,
24 verbose parsed url   host: null,
24 verbose parsed url   port: null,
24 verbose parsed url   hostname: null,
24 verbose parsed url   hash: null,
24 verbose parsed url   search: null,
24 verbose parsed url   query: null,
24 verbose parsed url   pathname: '1.4.5',
24 verbose parsed url   path: '1.4.5',
24 verbose parsed url   href: '1.4.5' }
25 verbose addNamed [ 'yo', '1.4.5' ]
26 verbose addNamed [ '1.4.5', '1.4.5' ]
27 silly lockFile cf639607-yo-1-4-5 yo@1.4.5
28 verbose lock yo@1.4.5 C:\Users\Magesh\AppData\Roaming\npm-cache\cf639607-yo-1-4-5.lock
29 verbose registry.get https://registry.npmjs.org/yo not expired, no request
30 silly lockFile cf639607-yo-1-4-5 yo@1.4.5
31 silly lockFile cf639607-yo-1-4-5 yo@1.4.5
32 silly resolved [ { name: 'yo',
32 silly resolved     version: '1.4.5',
32 silly resolved     description: 'CLI tool for running Yeoman generators',
32 silly resolved     license: 'BSD',
32 silly resolved     bin: { yo: 'lib/cli.js' },
32 silly resolved     author: { name: 'Yeoman team' },
32 silly resolved     repository: { type: 'git', url: 'https://github.com/yeoman/yo' },
32 silly resolved     engines: { node: '>=0.10.0', npm: '>=2.1.0' },
32 silly resolved     scripts:
32 silly resolved      { test: 'jshint . && mocha test/**/*.js',
32 silly resolved        postinstall: 'yodoctor',
32 silly resolved        postupdate: 'yodoctor',
32 silly resolved        prepublish: 'nsp audit-package' },
32 silly resolved     files: [ 'lib' ],
32 silly resolved     keywords:
32 silly resolved      [ 'cli-app',
32 silly resolved        'cli',
32 silly resolved        'bin',
32 silly resolved        'front-end',
32 silly resolved        'development',
32 silly resolved        'dev',
32 silly resolved        'build',
32 silly resolved        'web',
32 silly resolved        'tool',
32 silly resolved        'scaffold',
32 silly resolved        'stack',
32 silly resolved        'yeoman',
32 silly resolved        'generator',
32 silly resolved        'generate',
32 silly resolved        'app',
32 silly resolved        'boilerplate' ],
32 silly resolved     dependencies:
32 silly resolved      { 'array-uniq': '^1.0.2',
32 silly resolved        async: '^0.9.0',
32 silly resolved        chalk: '^0.5.1',
32 silly resolved        configstore: '^0.3.1',
32 silly resolved        'cross-spawn': '^0.2.3',
32 silly resolved        figures: '^1.3.5',
32 silly resolved        findup: '^0.1.5',
32 silly resolved        fullname: '^1.0.0',
32 silly resolved        'humanize-string': '^1.0.0',
32 silly resolved        inquirer: '^0.8.0',
32 silly resolved        insight: '^0.5.0',
32 silly resolved        lodash: '^2.4.1',
32 silly resolved        meow: '^3.0.0',
32 silly resolved        'npm-keyword': '^1.0.1',
32 silly resolved        opn: '^1.0.0',
32 silly resolved        'package-json': '^1.0.1',
32 silly resolved        'root-check': '^1.0.0',
32 silly resolved        'sort-on': '^1.0.0',
32 silly resolved        'string-length': '^1.0.0',
32 silly resolved        titleize: '^1.0.0',
32 silly resolved        'update-notifier': '^0.3.0',
32 silly resolved        'user-home': '^1.1.0',
32 silly resolved        'yeoman-character': '^1.0.0',
32 silly resolved        'yeoman-doctor': '^1.0.0',
32 silly resolved        'yeoman-environment': '^1.0.1',
32 silly resolved        yosay: '^1.0.0' },
32 silly resolved     devDependencies:
32 silly resolved      { jshint: '^2.5.11',
32 silly resolved        mocha: '^2.1.0',
32 silly resolved        mockery: '^1.4.0',
32 silly resolved        nock: '^0.57.0',
32 silly resolved        nsp: '*',
32 silly resolved        proxyquire: '^1.0.1',
32 silly resolved        'registry-url': '^2.1.0',
32 silly resolved        sinon: '^1.12.1' },
32 silly resolved     engineStrict: true,
32 silly resolved     preferGlobal: true,
32 silly resolved     gitHead: 'c9194535c38b1a684b20a4a642190b9c293b01c1',
32 silly resolved     bugs: { url: 'https://github.com/yeoman/yo/issues' },
32 silly resolved     homepage: 'https://github.com/yeoman/yo',
32 silly resolved     _id: 'yo@1.4.5',
32 silly resolved     _shasum: 'd7b66bb9079db2412178409c9709be687435cc02',
32 silly resolved     _from: 'yo@1.4.5',
32 silly resolved     _npmVersion: '1.4.28',
32 silly resolved     _npmUser: { name: 'sindresorhus', email: 'sindresorhus@gmail.com' },
32 silly resolved     maintainers: [ [Object], [Object], [Object], [Object], [Object], [Object] ],
32 silly resolved     dist:
32 silly resolved      { shasum: 'd7b66bb9079db2412178409c9709be687435cc02',
32 silly resolved        tarball: 'http://registry.npmjs.org/yo/-/yo-1.4.5.tgz' },
32 silly resolved     directories: {},
32 silly resolved     _resolved: 'https://registry.npmjs.org/yo/-/yo-1.4.5.tgz',
32 silly resolved     readme: 'ERROR: No README data found!' } ]
33 info install yo@1.4.5 into C:\Users\Magesh\AppData\Roaming\npm
34 info installOne yo@1.4.5
35 error notsup Unsupported
35 error notsup Not compatible with your version of node/npm: yo@1.4.5
35 error notsup Required: {"node":">=0.10.0","npm":">=2.1.0"}
35 error notsup Actual:   {"npm":"1.4.28","node":"0.10.36"}
36 error System Windows_NT 6.2.9200
37 error command "C:\\Program Files\\nodejs\\\\node.exe" "C:\\Program Files\\nodejs\\node_modules\\npm\\bin\\npm-cli.js" "update" "-g" "yo"
38 error cwd D:\Training\AonHewitt-AspNetMvc-Jan-2015\Day-05\01-BackboneApp
39 error node -v v0.10.36
40 error npm -v 1.4.28
41 error code ENOTSUP
42 verbose exit [ 1, true ]
